2026-04-19 15:13:18,647 [INFO] Activator:176 - 


2026-04-19 15:13:18,647 [INFO] Activator:177 - !SESSION log4j initialized
2026-04-19 15:13:25,928 [INFO] LogOutputStream:77 - [STDOUT_REDIRECT] 
2026-04-19 17:12:07,811 [INFO] Activator:176 - 


2026-04-19 17:12:07,813 [INFO] Activator:177 - !SESSION log4j initialized
2026-04-19 17:12:12,386 [INFO] LogOutputStream:77 - [STDOUT_REDIRECT] 
2026-04-19 20:49:50,687 [INFO] Activator:176 - 


2026-04-19 20:49:50,690 [INFO] Activator:177 - !SESSION log4j initialized
2026-04-19 20:49:58,269 [INFO] LogOutputStream:77 - [STDOUT_REDIRECT] 
2026-04-19 23:27:59,863 [INFO] Activator:176 - 


2026-04-19 23:27:59,866 [INFO] Activator:177 - !SESSION log4j initialized
2026-04-19 23:28:05,933 [INFO] LogOutputStream:77 - [STDOUT_REDIRECT] 
2026-04-19 23:35:45,537 [ERROR] LogOutputStream:75 - [STDERR_REDIRECT] Exception in thread "Serial Ports Filter" java.lang.OutOfMemoryError: Java heap space
2026-04-19 23:35:46,086 [ERROR] LogOutputStream:75 - [STDERR_REDIRECT] 	at com.sun.jna.platform.win32.Advapi32Util.registryGetValues(Advapi32Util.java:2265)
2026-04-19 23:35:46,432 [ERROR] LogOutputStream:75 - [STDERR_REDIRECT] 	at com.sun.jna.platform.win32.Advapi32Util.registryGetValues(Advapi32Util.java:2248)
2026-04-19 23:35:46,963 [ERROR] LogOutputStream:75 - [STDERR_REDIRECT] 	at org.eclipse.cdt.internal.core.win32.WindowsRegistryImpl.getValues(WindowsRegistryImpl.java:138)
2026-04-19 23:35:47,491 [ERROR] LogOutputStream:75 - [STDERR_REDIRECT] 	at org.eclipse.cdt.internal.core.win32.WindowsRegistryImpl.getLocalMachineValues(WindowsRegistryImpl.java:50)
2026-04-19 23:35:48,419 [ERROR] LogOutputStream:75 - [STDERR_REDIRECT] 	at org.eclipse.cdt.serial.SerialPort.list(SerialPort.java:259)
2026-04-19 23:35:48,761 [ERROR] LogOutputStream:75 - [STDERR_REDIRECT] 	at com.st.stm32cube.ide.mpu.remote.serial.internal.SerialPortProviderWindows.run(SerialPortProviderWindows.java:110)
2026-04-19 23:35:51,358 [ERROR] LogOutputStream:75 - [STDERR_REDIRECT] 	at java.base/java.util.TimerThread.mainLoop(Timer.java:566)
2026-04-19 23:35:51,364 [ERROR] LogOutputStream:75 - [STDERR_REDIRECT] 	at java.base/java.util.TimerThread.run(Timer.java:516)
2026-04-19 23:36:13,940 [ERROR] LogOutputStream:75 - [STDERR_REDIRECT] Exception in thread "Worker-JM" java.lang.OutOfMemoryError: Java heap space
2026-04-19 23:36:14,133 [ERROR] LogOutputStream:75 - [STDERR_REDIRECT] Exception in thread "Worker-23" java.lang.OutOfMemoryError: Java heap space
2026-04-19 23:36:14,316 [ERROR] LogOutputStream:75 - [STDERR_REDIRECT] Exception in thread "HttpClient-1-SelectorManager" java.lang.OutOfMemoryError: Java heap space
2026-04-19 23:36:45,163 [ERROR] LogOutputStream:75 - [STDERR_REDIRECT] java.lang.NullPointerException: Cannot invoke "org.eclipse.swt.widgets.Shell.forceActive()" because the return value of "org.eclipse.ui.internal.ide.IDEWorkbenchErrorHandler$FatalErrorDialog.getShell()" is null
2026-04-19 23:36:45,337 [ERROR] LogOutputStream:75 - [STDERR_REDIRECT] 	at org.eclipse.ui.internal.ide.IDEWorkbenchErrorHandler.handleException(IDEWorkbenchErrorHandler.java:138)
2026-04-19 23:36:45,341 [ERROR] LogOutputStream:75 - [STDERR_REDIRECT] 	at org.eclipse.ui.internal.ide.IDEWorkbenchErrorHandler.lambda$0(IDEWorkbenchErrorHandler.java:111)
2026-04-19 23:36:45,522 [ERROR] LogOutputStream:75 - [STDERR_REDIRECT] 	at org.eclipse.ui.progress.UIJob$1.runInUIThread(UIJob.java:56)
2026-04-19 23:36:45,526 [ERROR] LogOutputStream:75 - [STDERR_REDIRECT] 	at org.eclipse.ui.progress.UIJob.lambda$0(UIJob.java:148)
2026-04-19 23:36:45,702 [ERROR] LogOutputStream:75 - [STDERR_REDIRECT] 	at org.eclipse.swt.widgets.RunnableLock.run(RunnableLock.java:40)
2026-04-19 23:36:45,703 [ERROR] LogOutputStream:75 - [STDERR_REDIRECT] 	at org.eclipse.swt.widgets.Synchronizer.runAsyncMessages(Synchronizer.java:132)
2026-04-19 23:36:45,706 [ERROR] LogOutputStream:75 - [STDERR_REDIRECT] 	at org.eclipse.swt.widgets.Display.runAsyncMessages(Display.java:4099)
2026-04-19 23:36:45,707 [ERROR] LogOutputStream:75 - [STDERR_REDIRECT] 	at org.eclipse.swt.widgets.Display.readAndDispatch(Display.java:3715)
2026-04-19 23:36:45,879 [ERROR] LogOutputStream:75 - [STDERR_REDIRECT] 	at org.eclipse.ui.statushandlers.WorkbenchErrorHandler.showStatusAdapter(WorkbenchErrorHandler.java:102)
2026-04-19 23:36:45,881 [ERROR] LogOutputStream:75 - [STDERR_REDIRECT] 	at org.eclipse.ui.statushandlers.WorkbenchErrorHandler.lambda$0(WorkbenchErrorHandler.java:61)
2026-04-19 23:36:46,056 [ERROR] LogOutputStream:75 - [STDERR_REDIRECT] 	at org.eclipse.swt.widgets.RunnableLock.run(RunnableLock.java:40)
2026-04-19 23:36:46,057 [ERROR] LogOutputStream:75 - [STDERR_REDIRECT] 	at org.eclipse.swt.widgets.Synchronizer.runAsyncMessages(Synchronizer.java:132)
2026-04-19 23:36:46,059 [ERROR] LogOutputStream:75 - [STDERR_REDIRECT] 	at org.eclipse.swt.widgets.Display.runAsyncMessages(Display.java:4099)
2026-04-19 23:36:46,060 [ERROR] LogOutputStream:75 - [STDERR_REDIRECT] 	at org.eclipse.swt.widgets.Display.readAndDispatch(Display.java:3715)
2026-04-19 23:36:46,233 [ERROR] LogOutputStream:75 - [STDERR_REDIRECT] 	at org.eclipse.jface.window.Window.runEventLoop(Window.java:823)
2026-04-19 23:36:46,402 [ERROR] LogOutputStream:75 - [STDERR_REDIRECT] 	at org.eclipse.jface.window.Window.open(Window.java:799)
2026-04-19 23:36:46,405 [ERROR] LogOutputStream:75 - [STDERR_REDIRECT] 	at org.eclipse.jface.dialogs.MessageDialog.open(MessageDialog.java:608)
2026-04-19 23:36:46,408 [ERROR] LogOutputStream:75 - [STDERR_REDIRECT] 	at org.eclipse.ui.internal.ide.dialogs.InternalErrorDialog.open(InternalErrorDialog.java:85)
2026-04-19 23:36:46,587 [ERROR] LogOutputStream:75 - [STDERR_REDIRECT] 	at org.eclipse.ui.internal.ide.IDEWorkbenchErrorHandler.openQuestionDialog(IDEWorkbenchErrorHandler.java:184)
2026-04-19 23:36:46,782 [ERROR] LogOutputStream:75 - [STDERR_REDIRECT] 	at org.eclipse.ui.internal.ide.IDEWorkbenchErrorHandler.handleException(IDEWorkbenchErrorHandler.java:143)
2026-04-19 23:36:46,787 [ERROR] LogOutputStream:75 - [STDERR_REDIRECT] 	at org.eclipse.ui.internal.ide.IDEWorkbenchErrorHandler.lambda$0(IDEWorkbenchErrorHandler.java:111)
2026-04-19 23:36:46,790 [ERROR] LogOutputStream:75 - [STDERR_REDIRECT] 	at org.eclipse.ui.progress.UIJob$1.runInUIThread(UIJob.java:56)
2026-04-19 23:36:46,973 [ERROR] LogOutputStream:75 - [STDERR_REDIRECT] 	at org.eclipse.ui.progress.UIJob.lambda$0(UIJob.java:148)
2026-04-19 23:36:46,974 [ERROR] LogOutputStream:75 - [STDERR_REDIRECT] 	at org.eclipse.swt.widgets.RunnableLock.run(RunnableLock.java:40)
2026-04-19 23:36:47,146 [ERROR] LogOutputStream:75 - [STDERR_REDIRECT] 	at org.eclipse.swt.widgets.Synchronizer.runAsyncMessages(Synchronizer.java:132)
2026-04-19 23:36:47,147 [ERROR] LogOutputStream:75 - [STDERR_REDIRECT] 	at org.eclipse.swt.widgets.Display.runAsyncMessages(Display.java:4099)
2026-04-19 23:36:47,150 [ERROR] LogOutputStream:75 - [STDERR_REDIRECT] 	at org.eclipse.swt.widgets.Display.readAndDispatch(Display.java:3715)
2026-04-19 23:36:47,151 [ERROR] LogOutputStream:75 - [STDERR_REDIRECT] 	at org.eclipse.ui.statushandlers.WorkbenchErrorHandler.showStatusAdapter(WorkbenchErrorHandler.java:102)
2026-04-19 23:36:47,319 [ERROR] LogOutputStream:75 - [STDERR_REDIRECT] 	at org.eclipse.ui.statushandlers.WorkbenchErrorHandler.lambda$0(WorkbenchErrorHandler.java:61)
2026-04-19 23:36:47,493 [ERROR] LogOutputStream:75 - [STDERR_REDIRECT] 	at org.eclipse.swt.widgets.RunnableLock.run(RunnableLock.java:40)
2026-04-19 23:36:47,494 [ERROR] LogOutputStream:75 - [STDERR_REDIRECT] 	at org.eclipse.swt.widgets.Synchronizer.runAsyncMessages(Synchronizer.java:132)
2026-04-19 23:36:47,496 [ERROR] LogOutputStream:75 - [STDERR_REDIRECT] 	at org.eclipse.swt.widgets.Display.runAsyncMessages(Display.java:4099)
2026-04-19 23:36:47,498 [ERROR] LogOutputStream:75 - [STDERR_REDIRECT] 	at org.eclipse.swt.widgets.Display.readAndDispatch(Display.java:3715)
2026-04-19 23:36:47,668 [ERROR] LogOutputStream:75 - [STDERR_REDIRECT] 	at org.eclipse.jface.window.Window.runEventLoop(Window.java:823)
2026-04-19 23:36:47,670 [ERROR] LogOutputStream:75 - [STDERR_REDIRECT] 	at org.eclipse.jface.window.Window.open(Window.java:799)
2026-04-19 23:36:47,846 [ERROR] LogOutputStream:75 - [STDERR_REDIRECT] 	at org.eclipse.jface.dialogs.MessageDialog.open(MessageDialog.java:608)
2026-04-19 23:36:47,848 [ERROR] LogOutputStream:75 - [STDERR_REDIRECT] 	at org.eclipse.ui.internal.ide.application.IDEWorkbenchWindowAdvisor.promptOnExit(IDEWorkbenchWindowAdvisor.java:224)
2026-04-19 23:36:48,028 [ERROR] LogOutputStream:75 - [STDERR_REDIRECT] 	at org.eclipse.ui.internal.ide.application.IDEWorkbenchWindowAdvisor.preWindowShellClose(IDEWorkbenchWindowAdvisor.java:167)
2026-04-19 23:36:48,031 [ERROR] LogOutputStream:75 - [STDERR_REDIRECT] 	at org.eclipse.ui.internal.WorkbenchWindow.lambda$2(WorkbenchWindow.java:505)
2026-04-19 23:36:48,032 [ERROR] LogOutputStream:75 - [STDERR_REDIRECT] 	at org.eclipse.e4.ui.workbench.renderers.swt.WBWRenderer.lambda$4(WBWRenderer.java:574)
2026-04-19 23:36:48,211 [ERROR] LogOutputStream:75 - [STDERR_REDIRECT] 	at org.eclipse.swt.events.ShellListener$2.shellClosed(ShellListener.java:102)
2026-04-19 23:36:48,215 [ERROR] LogOutputStream:75 - [STDERR_REDIRECT] 	at org.eclipse.swt.widgets.TypedListener.handleEvent(TypedListener.java:115)
2026-04-19 23:36:48,216 [ERROR] LogOutputStream:75 - [STDERR_REDIRECT] 	at org.eclipse.swt.widgets.EventTable.sendEvent(EventTable.java:91)
2026-04-19 23:36:48,391 [ERROR] LogOutputStream:75 - [STDERR_REDIRECT] 	at org.eclipse.swt.widgets.Display.sendEvent(Display.java:4326)
2026-04-19 23:36:48,393 [ERROR] LogOutputStream:75 - [STDERR_REDIRECT] 	at org.eclipse.swt.widgets.Widget.sendEvent(Widget.java:1174)
2026-04-19 23:36:48,564 [ERROR] LogOutputStream:75 - [STDERR_REDIRECT] 	at org.eclipse.swt.widgets.Widget.sendEvent(Widget.java:1198)
2026-04-19 23:36:48,565 [ERROR] LogOutputStream:75 - [STDERR_REDIRECT] 	at org.eclipse.swt.widgets.Widget.sendEvent(Widget.java:1183)
2026-04-19 23:36:48,568 [ERROR] LogOutputStream:75 - [STDERR_REDIRECT] 	at org.eclipse.swt.widgets.Decorations.closeWidget(Decorations.java:273)
2026-04-19 23:36:48,569 [ERROR] LogOutputStream:75 - [STDERR_REDIRECT] 	at org.eclipse.swt.widgets.Decorations.WM_CLOSE(Decorations.java:1554)
2026-04-19 23:36:48,745 [ERROR] LogOutputStream:75 - [STDERR_REDIRECT] 	at org.eclipse.swt.widgets.Control.windowProc(Control.java:4729)
2026-04-19 23:36:48,747 [ERROR] LogOutputStream:75 - [STDERR_REDIRECT] 	at org.eclipse.swt.widgets.Canvas.windowProc(Canvas.java:342)
2026-04-19 23:36:48,923 [ERROR] LogOutputStream:75 - [STDERR_REDIRECT] 	at org.eclipse.swt.widgets.Decorations.windowProc(Decorations.java:1482)
2026-04-19 23:36:48,923 [ERROR] LogOutputStream:75 - [STDERR_REDIRECT] 	at org.eclipse.swt.widgets.Shell.windowProc(Shell.java:2311)
2026-04-19 23:36:48,926 [ERROR] LogOutputStream:75 - [STDERR_REDIRECT] 	at org.eclipse.swt.widgets.Display.windowProc(Display.java:5091)
2026-04-19 23:36:49,103 [ERROR] LogOutputStream:75 - [STDERR_REDIRECT] 	at org.eclipse.swt.internal.win32.OS.DefWindowProc(Native Method)
2026-04-19 23:36:49,107 [ERROR] LogOutputStream:75 - [STDERR_REDIRECT] 	at org.eclipse.swt.widgets.Shell.callWindowProc(Shell.java:512)
2026-04-19 23:36:49,285 [ERROR] LogOutputStream:75 - [STDERR_REDIRECT] 	at org.eclipse.swt.widgets.Control.windowProc(Control.java:4828)
2026-04-19 23:36:49,286 [ERROR] LogOutputStream:75 - [STDERR_REDIRECT] 	at org.eclipse.swt.widgets.Canvas.windowProc(Canvas.java:342)
2026-04-19 23:36:49,287 [ERROR] LogOutputStream:75 - [STDERR_REDIRECT] 	at org.eclipse.swt.widgets.Decorations.windowProc(Decorations.java:1482)
2026-04-19 23:36:49,290 [ERROR] LogOutputStream:75 - [STDERR_REDIRECT] 	at org.eclipse.swt.widgets.Shell.windowProc(Shell.java:2311)
2026-04-19 23:36:49,290 [ERROR] LogOutputStream:75 - [STDERR_REDIRECT] 	at org.eclipse.swt.widgets.Display.windowProc(Display.java:5091)
2026-04-19 23:36:49,468 [ERROR] LogOutputStream:75 - [STDERR_REDIRECT] 	at org.eclipse.swt.internal.win32.OS.DefWindowProc(Native Method)
2026-04-19 23:36:49,469 [ERROR] LogOutputStream:75 - [STDERR_REDIRECT] 	at org.eclipse.swt.widgets.Shell.callWindowProc(Shell.java:512)
2026-04-19 23:36:49,647 [ERROR] LogOutputStream:75 - [STDERR_REDIRECT] 	at org.eclipse.swt.widgets.Control.windowProc(Control.java:4828)
2026-04-19 23:36:49,648 [ERROR] LogOutputStream:75 - [STDERR_REDIRECT] 	at org.eclipse.swt.widgets.Canvas.windowProc(Canvas.java:342)
2026-04-19 23:36:49,651 [ERROR] LogOutputStream:75 - [STDERR_REDIRECT] 	at org.eclipse.swt.widgets.Decorations.windowProc(Decorations.java:1482)
2026-04-19 23:36:49,651 [ERROR] LogOutputStream:75 - [STDERR_REDIRECT] 	at org.eclipse.swt.widgets.Shell.windowProc(Shell.java:2311)
2026-04-19 23:36:49,652 [ERROR] LogOutputStream:75 - [STDERR_REDIRECT] 	at org.eclipse.swt.widgets.Display.windowProc(Display.java:5091)
2026-04-19 23:36:49,826 [ERROR] LogOutputStream:75 - [STDERR_REDIRECT] 	at org.eclipse.swt.internal.win32.OS.DispatchMessage(Native Method)
2026-04-19 23:36:49,828 [ERROR] LogOutputStream:75 - [STDERR_REDIRECT] 	at org.eclipse.swt.widgets.Display.readAndDispatch(Display.java:3710)
2026-04-19 23:36:50,006 [ERROR] LogOutputStream:75 - [STDERR_REDIRECT] 	at org.eclipse.e4.ui.internal.workbench.swt.PartRenderingEngine$5.run(PartRenderingEngine.java:1151)
2026-04-19 23:36:50,008 [ERROR] LogOutputStream:75 - [STDERR_REDIRECT] 	at org.eclipse.core.databinding.observable.Realm.runWithDefault(Realm.java:339)
2026-04-19 23:36:50,182 [ERROR] LogOutputStream:75 - [STDERR_REDIRECT] 	at org.eclipse.e4.ui.internal.workbench.swt.PartRenderingEngine.run(PartRenderingEngine.java:1042)
2026-04-19 23:36:50,183 [ERROR] LogOutputStream:75 - [STDERR_REDIRECT] 	at org.eclipse.e4.ui.internal.workbench.E4Workbench.createAndRunUI(E4Workbench.java:153)
2026-04-19 23:36:50,184 [ERROR] LogOutputStream:75 - [STDERR_REDIRECT] 	at org.eclipse.ui.internal.Workbench.lambda$3(Workbench.java:639)
2026-04-19 23:36:50,367 [ERROR] LogOutputStream:75 - [STDERR_REDIRECT] 	at org.eclipse.core.databinding.observable.Realm.runWithDefault(Realm.java:339)
2026-04-19 23:36:50,368 [ERROR] LogOutputStream:75 - [STDERR_REDIRECT] 	at org.eclipse.ui.internal.Workbench.createAndRunWorkbench(Workbench.java:546)
2026-04-19 23:36:50,372 [ERROR] LogOutputStream:75 - [STDERR_REDIRECT] 	at org.eclipse.ui.PlatformUI.createAndRunWorkbench(PlatformUI.java:173)
2026-04-19 23:36:50,550 [ERROR] LogOutputStream:75 - [STDERR_REDIRECT] 	at org.eclipse.ui.internal.ide.application.IDEApplication.start(IDEApplication.java:152)
2026-04-19 23:36:50,551 [ERROR] LogOutputStream:75 - [STDERR_REDIRECT] 	at org.eclipse.equinox.internal.app.EclipseAppHandle.run(EclipseAppHandle.java:208)
2026-04-19 23:36:50,723 [ERROR] LogOutputStream:75 - [STDERR_REDIRECT] 	at org.eclipse.core.runtime.internal.adaptor.EclipseAppLauncher.runApplication(EclipseAppLauncher.java:143)
2026-04-19 23:36:50,725 [ERROR] LogOutputStream:75 - [STDERR_REDIRECT] 	at org.eclipse.core.runtime.internal.adaptor.EclipseAppLauncher.start(EclipseAppLauncher.java:109)
2026-04-19 23:36:50,727 [ERROR] LogOutputStream:75 - [STDERR_REDIRECT] 	at org.eclipse.core.runtime.adaptor.EclipseStarter.run(EclipseStarter.java:439)
2026-04-19 23:36:50,901 [ERROR] LogOutputStream:75 - [STDERR_REDIRECT] 	at org.eclipse.core.runtime.adaptor.EclipseStarter.run(EclipseStarter.java:271)
2026-04-19 23:36:50,903 [ERROR] LogOutputStream:75 - [STDERR_REDIRECT] 	at java.base/jdk.internal.reflect.DirectMethodHandleAccessor.invoke(DirectMethodHandleAccessor.java:103)
2026-04-19 23:36:51,091 [ERROR] LogOutputStream:75 - [STDERR_REDIRECT] 	at java.base/java.lang.reflect.Method.invoke(Method.java:580)
2026-04-19 23:36:51,095 [ERROR] LogOutputStream:75 - [STDERR_REDIRECT] 	at org.eclipse.equinox.launcher.Main.invokeFramework(Main.java:668)
2026-04-19 23:36:51,270 [ERROR] LogOutputStream:75 - [STDERR_REDIRECT] 	at org.eclipse.equinox.launcher.Main.basicRun(Main.java:605)
2026-04-19 23:36:51,274 [ERROR] LogOutputStream:75 - [STDERR_REDIRECT] 	at org.eclipse.equinox.launcher.Main.run(Main.java:1481)
2026-04-19 23:53:57,550 [INFO] Activator:176 - 


2026-04-19 23:53:57,550 [INFO] Activator:177 - !SESSION log4j initialized
2026-04-19 23:54:02,635 [INFO] LogOutputStream:77 - [STDOUT_REDIRECT] 
2026-04-19 23:54:02,850 [ERROR] ConfigurationRetriever:142 - IOException on connection: sw-center.st.com
2026-04-19 23:54:02,851 [ERROR] ConfigurationRetriever:142 - IOException on connection: sw-center.st.com
2026-04-19 23:54:02,851 [ERROR] ConfigurationRetriever:142 - IOException on connection: sw-center.st.com
2026-04-19 23:54:02,856 [ERROR] ConfigurationRetriever:142 - IOException on connection: sw-center.st.com
2026-04-19 23:54:02,856 [ERROR] ConfigurationRetriever:142 - IOException on connection: sw-center.st.com
2026-04-19 23:54:02,857 [ERROR] ConfigurationRetriever:142 - IOException on connection: sw-center.st.com
2026-04-19 23:54:07,751 [ERROR] ConfigurationRetriever:142 - IOException on connection: sw-center.st.com
2026-04-19 23:54:07,751 [ERROR] ConfigurationRetriever:142 - IOException on connection: sw-center.st.com
2026-04-19 23:54:07,751 [ERROR] ConfigurationRetriever:142 - IOException on connection: sw-center.st.com
2026-04-19 23:54:07,942 [ERROR] ConfigurationRetriever:142 - IOException on connection: sw-center.st.com
2026-04-19 23:54:07,942 [ERROR] ConfigurationRetriever:142 - IOException on connection: sw-center.st.com
2026-04-19 23:54:07,943 [ERROR] ConfigurationRetriever:142 - IOException on connection: sw-center.st.com
