2026-03-19 00:21:01,558 [ERROR] AdobePublisher:187 - Exception while getting the server answer: java.net.SocketTimeoutException: Read timed out
2026-03-19 00:21:23,143 [ERROR] AdobePublisher:162 - Exception while opening the connection: java.net.SocketTimeoutException: Connect timed out
2026-03-19 00:21:23,144 [ERROR] AdobePublisher:162 - Exception while opening the connection: java.net.SocketTimeoutException: Connect timed out
2026-03-19 00:21:23,144 [ERROR] AdobePublisher:162 - Exception while opening the connection: java.net.SocketTimeoutException: Connect timed out
2026-03-19 00:21:23,144 [ERROR] AdobePublisher:162 - Exception while opening the connection: java.net.SocketTimeoutException: Connect timed out
2026-03-19 00:21:23,145 [ERROR] AdobePublisher:162 - Exception while opening the connection: java.net.SocketTimeoutException: Connect timed out
2026-03-19 00:21:25,757 [ERROR] AdobePublisher:162 - Exception while opening the connection: java.net.SocketTimeoutException: Connect timed out
2026-03-19 00:21:25,757 [ERROR] AdobePublisher:162 - Exception while opening the connection: java.net.SocketTimeoutException: Connect timed out
2026-03-19 00:21:25,757 [ERROR] AdobePublisher:162 - Exception while opening the connection: java.net.SocketTimeoutException: Connect timed out
2026-03-19 00:21:25,757 [ERROR] AdobePublisher:162 - Exception while opening the connection: java.net.SocketTimeoutException: Connect timed out
2026-03-19 00:21:25,757 [ERROR] AdobePublisher:162 - Exception while opening the connection: java.net.SocketTimeoutException: Connect timed out
2026-03-19 00:21:46,441 [ERROR] AdobePublisher:162 - Exception while opening the connection: java.net.SocketTimeoutException: Read timed out
2026-03-19 00:21:46,441 [ERROR] AdobePublisher:162 - Exception while opening the connection: java.net.SocketTimeoutException: Read timed out
2026-03-19 00:21:46,441 [ERROR] AdobePublisher:162 - Exception while opening the connection: java.net.SocketTimeoutException: Read timed out
2026-03-19 00:21:46,441 [ERROR] AdobePublisher:162 - Exception while opening the connection: java.net.SocketTimeoutException: Read timed out
2026-03-19 00:21:46,442 [ERROR] AdobePublisher:162 - Exception while opening the connection: java.net.SocketTimeoutException: Read timed out
2026-03-19 00:21:49,778 [ERROR] AdobePublisher:187 - Exception while getting the server answer: java.net.SocketTimeoutException: Read timed out
2026-03-19 01:48:46,724 [INFO] Activator:176 - 


2026-03-19 01:48:46,726 [INFO] Activator:177 - !SESSION log4j initialized
2026-03-19 01:48:52,761 [INFO] LogOutputStream:77 - [STDOUT_REDIRECT] 
2026-03-19 19:17:56,969 [INFO] Activator:176 - 


2026-03-19 19:17:56,971 [INFO] Activator:177 - !SESSION log4j initialized
2026-03-19 19:18:00,564 [INFO] LogOutputStream:77 - [STDOUT_REDIRECT] 
