00:33:16 **** Incremental Build of configuration Debug for project Nucleo1Paqueo ****
make -j12 all 
arm-none-eabi-gcc "../Core/Src/main.c" -mcpu=cortex-m4 -std=gnu11 -g3 -DDEBUG -DUSE_HAL_DRIVER -DSTM32F446xx -c -I../Core/Inc -I../Drivers/STM32F4xx_HAL_Driver/Inc -I../Drivers/STM32F4xx_HAL_Driver/Inc/Legacy -I../Drivers/CMSIS/Device/ST/STM32F4xx/Include -I../Drivers/CMSIS/Include -O0 -ffunction-sections -fdata-sections -Wall -fstack-usage -fcyclomatic-complexity -MMD -MP -MF"Core/Src/main.d" -MT"Core/Src/main.o" --specs=nano.specs -mfpu=fpv4-sp-d16 -mfloat-abi=hard -mthumb -o "Core/Src/main.o"
../Core/Src/main.c: In function 'HAL_I2C_ErrorCallback':
../Core/Src/main.c:632:18: warning: unused variable 'error' [-Wunused-variable]
  632 |         uint32_t error = HAL_I2C_GetError(I2cHandle);
      |                  ^~~~~
arm-none-eabi-gcc -o "Nucleo1Paqueo.elf" @"objects.list"   -mcpu=cortex-m4 -T"C:\Users\juana\OneDrive\Documentos\GitHub\Digital_2\ModuloSTM32\Nucleo1Paqueo\STM32F446RETX_FLASH.ld" --specs=nosys.specs -Wl,-Map="Nucleo1Paqueo.map" -Wl,--gc-sections -static --specs=nano.specs -mfpu=fpv4-sp-d16 -mfloat-abi=hard -mthumb -Wl,--start-group -lc -lm -Wl,--end-group
Finished building target: Nucleo1Paqueo.elf
 
arm-none-eabi-size  Nucleo1Paqueo.elf 
arm-none-eabi-objdump -h -S Nucleo1Paqueo.elf  > "Nucleo1Paqueo.list"
   text	   data	    bss	    dec	    hex	filename
  35532	     92	   2580	  38204	   953c	Nucleo1Paqueo.elf
Finished building: default.size.stdout
 
Finished building: Nucleo1Paqueo.list
 
00:33:21 **** Incremental Build of configuration Debug for project Nucleo1Paqueo ****
make -j12 all 
arm-none-eabi-size  Nucleo1Paqueo.elf 
   text	   data	    bss	    dec	    hex	filename
  35532	     92	   2580	  38204	   953c	Nucleo1Paqueo.elf
Finished building: default.size.stdout
 
